This is pdfTeX, Version 3.14159265-2.6-1.40.18 (MiKTeX 2.9.6420) (preloaded format=pdflatex 2017.9.6)  26 SEP 2017 23:27
entering extended mode
**./Yan_Shubo_4.tex
(Yan_Shubo_4.tex
LaTeX2e <2017-04-15>
Babel <3.12> and hyphenation patterns for 1 language(s) loaded.
(/usr/local/share/miktex-texmf/tex/latex/base/article.cls
Document Class: article 2014/09/29 v1.4h Standard LaTeX document class
(/usr/local/share/miktex-texmf/tex/latex/base/size12.clo
File: size12.clo 2014/09/29 v1.4h Standard LaTeX file (size option)
)
\c@part=\count79
\c@section=\count80
\c@subsection=\count81
\c@subsubsection=\count82
\c@paragraph=\count83
\c@subparagraph=\count84
\c@figure=\count85
\c@table=\count86
\abovecaptionskip=\skip41
\belowcaptionskip=\skip42
\bibindent=\dimen102
)
(/usr/local/share/miktex-texmf/tex/latex/base/inputenc.sty
Package: inputenc 2015/03/17 v1.2c Input encoding file
\inpenc@prehook=\toks14
\inpenc@posthook=\toks15

(/usr/local/share/miktex-texmf/tex/latex/base/latin1.def
File: latin1.def 2015/03/17 v1.2c Input encoding file
))
(/usr/local/share/miktex-texmf/tex/latex/base/fontenc.sty
Package: fontenc 2017/04/05 v2.0i Standard LaTeX package

(/usr/local/share/miktex-texmf/tex/latex/base/t1enc.def
File: t1enc.def 2017/04/05 v2.0i Standard LaTeX file
LaTeX Font Info:    Redeclaring font encoding T1 on input line 48.
)) (Yan_Shubo_4.aux)
\openout1 = `Yan_Shubo_4.aux'.

LaTeX Font Info:    Checking defaults for OML/cmm/m/it on input line 10.
LaTeX Font Info:    ... okay on input line 10.
LaTeX Font Info:    Checking defaults for T1/cmr/m/n on input line 10.
LaTeX Font Info:    ... okay on input line 10.
LaTeX Font Info:    Checking defaults for OT1/cmr/m/n on input line 10.
LaTeX Font Info:    ... okay on input line 10.
LaTeX Font Info:    Checking defaults for OMS/cmsy/m/n on input line 10.
LaTeX Font Info:    ... okay on input line 10.
LaTeX Font Info:    Checking defaults for OMX/cmex/m/n on input line 10.
LaTeX Font Info:    ... okay on input line 10.
LaTeX Font Info:    Checking defaults for U/cmr/m/n on input line 10.
LaTeX Font Info:    ... okay on input line 10.
LaTeX Font Info:    External font `cmex10' loaded for size
(Font)              <14.4> on input line 11.
LaTeX Font Info:    External font `cmex10' loaded for size
(Font)              <7> on input line 11.

[1

{/Users/shuboyan/.miktex/texmfs/data/pdftex/config/pdftex.map}]
LaTeX Font Info:    External font `cmex10' loaded for size
(Font)              <12> on input line 15.
LaTeX Font Info:    External font `cmex10' loaded for size
(Font)              <8> on input line 15.
LaTeX Font Info:    External font `cmex10' loaded for size
(Font)              <6> on input line 15.
 [2]
Underfull \hbox (badness 1527) in paragraph at lines 32--32
[]\T1/cmr/m/n/12 25 years old
 []


Underfull \hbox (badness 10000) in paragraph at lines 34--34
[]\T1/cmr/m/n/12 Aapo's twin
 []


Underfull \hbox (badness 10000) in paragraph at lines 35--35
[]\T1/cmr/m/n/12 The tallest
 []


Underfull \hbox (badness 10000) in paragraph at lines 35--35
\T1/cmr/m/n/12 of broth-er-s,
 []


Underfull \hbox (badness 1715) in paragraph at lines 38--38
[]\T1/cmr/m/n/12 The cook of
 []


Underfull \hbox (badness 10000) in paragraph at lines 39--39
[]\T1/cmr/m/n/12 Simple-
 []


Underfull \hbox (badness 2799) in paragraph at lines 40--40
[]\T1/cmr/m/n/12 Skilled, likes
 []


Underfull \hbox (badness 10000) in paragraph at lines 40--40
\T1/cmr/m/n/12 to use his
 []


Underfull \hbox (badness 1158) in paragraph at lines 41--41
\T1/cmr/m/n/12 and short-est,
 []


Underfull \hbox (badness 6300) in paragraph at lines 41--41
\T1/cmr/m/n/12 17 years in
 []

[3] [4] (Yan_Shubo_4.aux) ) 
Here is how much of TeX's memory you used:
 505 strings out of 495217
 5048 string characters out of 3181648
 55862 words of memory out of 3000000
 3859 multiletter control sequences out of 15000+200000
 15466 words of font info for 37 fonts, out of 3000000 for 9000
 14 hyphenation exceptions out of 8191
 22i,9n,19p,208b,203s stack positions out of 5000i,500n,10000p,200000b,50000s
 </Users/shuboyan/.miktex/texmfs/data/fonts/pk/ljfou
r/jknappen/ec/dpi600/ecsl1200.pk> </Users/shuboyan/.miktex/texmfs/data/fonts/pk
/ljfour/jknappen/ec/dpi600/eccc1200.pk> </Users/shuboyan/.miktex/texmfs/data/fo
nts/pk/ljfour/jknappen/ec/dpi600/ecxc1200.pk> </Users/shuboyan/.miktex/texmfs/d
ata/fonts/pk/ljfour/jknappen/ec/dpi600/ecxc1440.pk> </Users/shuboyan/.miktex/te
xmfs/data/fonts/pk/ljfour/jknappen/ec/dpi600/ecbx1200.pk> </Users/shuboyan/.mik
tex/texmfs/data/fonts/pk/ljfour/jknappen/ec/dpi600/ecbx1728.pk> </Users/shuboya
n/.miktex/texmfs/data/fonts/pk/ljfour/jknappen/ec/dpi600/ecrm1200.pk> </Users/s
huboyan/.miktex/texmfs/data/fonts/pk/ljfour/jknappen/ec/dpi600/ecrm1440.pk> </U
sers/shuboyan/.miktex/texmfs/data/fonts/pk/ljfour/jknappen/ec/dpi600/ecrm2074.p
k>
Output written on Yan_Shubo_4.pdf (4 pages, 71021 bytes).
PDF statistics:
 222 PDF objects out of 1000 (max. 8388607)
 0 named destinations out of 1000 (max. 500000)
 1 words of extra memory for PDF output out of 10000 (max. 10000000)

